<?xml version="1.0" encoding="UTF-8"?>
<testng-results ignored="0" total="4" passed="3" failed="1" skipped="0">
  <reporter-output>
  </reporter-output>
  <suite started-at="2022-01-24T11:27:48 IST" name="Default suite" finished-at="2022-01-24T11:30:25 IST" duration-ms="157814">
    <groups>
    </groups>
    <test started-at="2022-01-24T11:27:48 IST" name="Default test" finished-at="2022-01-24T11:30:25 IST" duration-ms="157814">
      <class name="smokeflow.ItemMoreQOH">
        <test-method is-config="true" signature="chromelaunch()[pri:0, instance:smokeflow.ItemMoreQOH@16150369]" started-at="2022-01-24T11:27:48 IST" name="chromelaunch" finished-at="2022-01-24T11:28:58 IST" duration-ms="70016" status="PASS">
          <reporter-output>
          </reporter-output>
        </test-method> <!-- chromelaunch -->
        <test-method signature="Login(java.lang.String,java.lang.String)[pri:1, instance:smokeflow.ItemMoreQOH@16150369]" started-at="2022-01-24T11:29:02 IST" name="Login" description="CashWrap_Login" data-provider="LoginData" finished-at="2022-01-24T11:29:24 IST" duration-ms="21900" status="PASS">
          <params>
            <param index="0">
              <value>
                <![CDATA[sa]]>
              </value>
            </param>
            <param index="1">
              <value>
                <![CDATA[@stra]]>
              </value>
            </param>
          </params>
          <reporter-output>
          </reporter-output>
        </test-method> <!-- Login -->
        <test-method is-config="true" signature="getResult(org.testng.ITestResult)[pri:0, instance:smokeflow.ItemMoreQOH@16150369]" started-at="2022-01-24T11:29:24 IST" name="getResult" finished-at="2022-01-24T11:29:27 IST" duration-ms="2733" status="PASS">
          <params>
            <param index="0">
              <value>
                <![CDATA[[TestResult name=Login status=SUCCESS method=ItemMoreQOH.Login(java.lang.String,java.lang.String)[pri:1, instance:smokeflow.ItemMoreQOH@16150369] output={null}]]]>
              </value>
            </param>
          </params>
          <reporter-output>
          </reporter-output>
        </test-method> <!-- getResult -->
        <test-method signature="New_Cust_Creation(java.lang.String,java.lang.String,java.lang.String)[pri:2, instance:smokeflow.ItemMoreQOH@16150369]" started-at="2022-01-24T11:29:27 IST" name="New_Cust_Creation" description="NewCustomer" data-provider="CustomerData" finished-at="2022-01-24T11:29:53 IST" duration-ms="25719" status="PASS">
          <params>
            <param index="0">
              <value>
                <![CDATA[7481039911]]>
              </value>
            </param>
            <param index="1">
              <value>
                <![CDATA[Django]]>
              </value>
            </param>
            <param index="2">
              <value>
                <![CDATA[Django@abc.com]]>
              </value>
            </param>
          </params>
          <reporter-output>
          </reporter-output>
        </test-method> <!-- New_Cust_Creation -->
        <test-method is-config="true" signature="getResult(org.testng.ITestResult)[pri:0, instance:smokeflow.ItemMoreQOH@16150369]" started-at="2022-01-24T11:29:53 IST" name="getResult" finished-at="2022-01-24T11:29:53 IST" duration-ms="379" status="PASS">
          <params>
            <param index="0">
              <value>
                <![CDATA[[TestResult name=New_Cust_Creation status=SUCCESS method=ItemMoreQOH.New_Cust_Creation(java.lang.String,java.lang.String,java.lang.String)[pri:2, instance:smokeflow.ItemMoreQOH@16150369] output={null}]]]>
              </value>
            </param>
          </params>
          <reporter-output>
          </reporter-output>
        </test-method> <!-- getResult -->
        <test-method signature="ItemSelection(java.lang.String,java.lang.String,java.lang.String,java.lang.String,java.lang.String)[pri:3, instance:smokeflow.ItemMoreQOH@16150369]" started-at="2022-01-24T11:29:53 IST" name="ItemSelection" description="Item_Selection_over_QOH_while_adding" data-provider="ItemData" finished-at="2022-01-24T11:30:05 IST" duration-ms="11409" status="PASS">
          <params>
            <param index="0">
              <value>
                <![CDATA[1]]>
              </value>
            </param>
            <param index="1">
              <value>
                <![CDATA[IS13187]]>
              </value>
            </param>
            <param index="2">
              <value>
                <![CDATA[ELEMENTS CC SHMPOO]]>
              </value>
            </param>
            <param index="3">
              <value>
                <![CDATA[1]]>
              </value>
            </param>
            <param index="4">
              <value>
                <![CDATA[315.0]]>
              </value>
            </param>
          </params>
          <reporter-output>
          </reporter-output>
        </test-method> <!-- ItemSelection -->
        <test-method is-config="true" signature="getResult(org.testng.ITestResult)[pri:0, instance:smokeflow.ItemMoreQOH@16150369]" started-at="2022-01-24T11:30:05 IST" name="getResult" finished-at="2022-01-24T11:30:05 IST" duration-ms="325" status="PASS">
          <params>
            <param index="0">
              <value>
                <![CDATA[[TestResult name=ItemSelection status=SUCCESS method=ItemMoreQOH.ItemSelection(java.lang.String,java.lang.String,java.lang.String,java.lang.String,java.lang.String)[pri:3, instance:smokeflow.ItemMoreQOH@16150369] output={null}]]]>
              </value>
            </param>
          </params>
          <reporter-output>
          </reporter-output>
        </test-method> <!-- getResult -->
        <test-method signature="ItemSelection2(java.lang.String,java.lang.String,java.lang.String,java.lang.String,java.lang.String)[pri:4, instance:smokeflow.ItemMoreQOH@16150369]" started-at="2022-01-24T11:30:05 IST" name="ItemSelection2" description="Item_Selection_over_QOH_while_adding_in_table" data-provider="ItemData" finished-at="2022-01-24T11:30:22 IST" duration-ms="16643" status="FAIL">
          <params>
            <param index="0">
              <value>
                <![CDATA[1]]>
              </value>
            </param>
            <param index="1">
              <value>
                <![CDATA[IS13187]]>
              </value>
            </param>
            <param index="2">
              <value>
                <![CDATA[ELEMENTS CC SHMPOO]]>
              </value>
            </param>
            <param index="3">
              <value>
                <![CDATA[1]]>
              </value>
            </param>
            <param index="4">
              <value>
                <![CDATA[315.0]]>
              </value>
            </param>
          </params>
          <exception class="org.openqa.selenium.ElementNotInteractableException">
            <message>
              <![CDATA[element not interactable
  (Session info: chrome=97.0.4692.99)
Build info: version: '4.0.0-rc-1', revision: 'bc5511cbda'
System info: host: 'DESKTOP-NQN5Q3S', ip: '192.168.43.52', os.name: 'Windows 10', os.arch: 'amd64', os.version: '10.0', java.version: '17.0.1'
Driver info: org.openqa.selenium.chrome.ChromeDriver
Command: [c29d06136ec71f6cdee233fb007e6f24, sendKeysToElement {id=e4976a39-04ca-41a4-8f73-c1c8d4dcd3ee, value=[Ljava.lang.CharSequence;@3d88e6b9}]
Capabilities {acceptInsecureCerts: false, browserName: chrome, browserVersion: 97.0.4692.99, chrome: {chromedriverVersion: 97.0.4692.71 (adefa7837d02a..., userDataDir: C:\Users\ASUSJD~1\AppData\L...}, goog:chromeOptions: {debuggerAddress: localhost:55612}, javascriptEnabled: true, networkConnectionEnabled: false, pageLoadStrategy: normal, platform: WINDOWS, platformName: WINDOWS, proxy: Proxy(), se:cdp: ws://localhost:55612/devtoo..., se:cdpVersion: 97.0.4692.99, setWindowRect: true, strictFileInteractability: false, timeouts: {implicit: 0, pageLoad: 300000, script: 30000}, unhandledPromptBehavior: dismiss and notify, webauthn:extension:credBlob: true, webauthn:extension:largeBlob: true, webauthn:virtualAuthenticators: true}
Element: [[ChromeDriver: chrome on WINDOWS (c29d06136ec71f6cdee233fb007e6f24)] -> xpath: (//div[@class='blobselect-item-search'])[1]]
Session ID: c29d06136ec71f6cdee233fb007e6f24]]>
            </message>
            <full-stacktrace>
              <![CDATA[org.openqa.selenium.ElementNotInteractableException: element not interactable
  (Session info: chrome=97.0.4692.99)
Build info: version: '4.0.0-rc-1', revision: 'bc5511cbda'
System info: host: 'DESKTOP-NQN5Q3S', ip: '192.168.43.52', os.name: 'Windows 10', os.arch: 'amd64', os.version: '10.0', java.version: '17.0.1'
Driver info: org.openqa.selenium.chrome.ChromeDriver
Command: [c29d06136ec71f6cdee233fb007e6f24, sendKeysToElement {id=e4976a39-04ca-41a4-8f73-c1c8d4dcd3ee, value=[Ljava.lang.CharSequence;@3d88e6b9}]
Capabilities {acceptInsecureCerts: false, browserName: chrome, browserVersion: 97.0.4692.99, chrome: {chromedriverVersion: 97.0.4692.71 (adefa7837d02a..., userDataDir: C:\Users\ASUSJD~1\AppData\L...}, goog:chromeOptions: {debuggerAddress: localhost:55612}, javascriptEnabled: true, networkConnectionEnabled: false, pageLoadStrategy: normal, platform: WINDOWS, platformName: WINDOWS, proxy: Proxy(), se:cdp: ws://localhost:55612/devtoo..., se:cdpVersion: 97.0.4692.99, setWindowRect: true, strictFileInteractability: false, timeouts: {implicit: 0, pageLoad: 300000, script: 30000}, unhandledPromptBehavior: dismiss and notify, webauthn:extension:credBlob: true, webauthn:extension:largeBlob: true, webauthn:virtualAuthenticators: true}
Element: [[ChromeDriver: chrome on WINDOWS (c29d06136ec71f6cdee233fb007e6f24)] -> xpath: (//div[@class='blobselect-item-search'])[1]]
Session ID: c29d06136ec71f6cdee233fb007e6f24
at java.base/jdk.internal.reflect.NativeConstructorAccessorImpl.newInstance0(Native Method)
at java.base/jdk.internal.reflect.NativeConstructorAccessorImpl.newInstance(NativeConstructorAccessorImpl.java:77)
at java.base/jdk.internal.reflect.DelegatingConstructorAccessorImpl.newInstance(DelegatingConstructorAccessorImpl.java:45)
at java.base/java.lang.reflect.Constructor.newInstanceWithCaller(Constructor.java:499)
at java.base/java.lang.reflect.Constructor.newInstance(Constructor.java:480)
at org.openqa.selenium.remote.codec.w3c.W3CHttpResponseCodec.createException(W3CHttpResponseCodec.java:200)
at org.openqa.selenium.remote.codec.w3c.W3CHttpResponseCodec.decode(W3CHttpResponseCodec.java:133)
at org.openqa.selenium.remote.codec.w3c.W3CHttpResponseCodec.decode(W3CHttpResponseCodec.java:53)
at org.openqa.selenium.remote.HttpCommandExecutor.execute(HttpCommandExecutor.java:184)
at org.openqa.selenium.remote.service.DriverCommandExecutor.invokeExecute(DriverCommandExecutor.java:164)
at org.openqa.selenium.remote.service.DriverCommandExecutor.execute(DriverCommandExecutor.java:139)
at org.openqa.selenium.remote.RemoteWebDriver.execute(RemoteWebDriver.java:547)
at org.openqa.selenium.remote.RemoteWebElement.execute(RemoteWebElement.java:251)
at org.openqa.selenium.remote.RemoteWebElement.sendKeys(RemoteWebElement.java:107)
at java.base/jdk.internal.reflect.NativeMethodAccessorImpl.invoke0(Native Method)
at java.base/jdk.internal.reflect.NativeMethodAccessorImpl.invoke(NativeMethodAccessorImpl.java:77)
at java.base/jdk.internal.reflect.DelegatingMethodAccessorImpl.invoke(DelegatingMethodAccessorImpl.java:43)
at java.base/java.lang.reflect.Method.invoke(Method.java:568)
at org.openqa.selenium.support.pagefactory.internal.LocatingElementHandler.invoke(LocatingElementHandler.java:51)
at jdk.proxy2/jdk.proxy2.$Proxy19.sendKeys(Unknown Source)
at pageobjectpackage.ItemSelection.item_Select_overQOH2(ItemSelection.java:324)
at smokeflow.ItemMoreQOH.ItemSelection2(ItemMoreQOH.java:40)
at java.base/jdk.internal.reflect.NativeMethodAccessorImpl.invoke0(Native Method)
at java.base/jdk.internal.reflect.NativeMethodAccessorImpl.invoke(NativeMethodAccessorImpl.java:77)
at java.base/jdk.internal.reflect.DelegatingMethodAccessorImpl.invoke(DelegatingMethodAccessorImpl.java:43)
at java.base/java.lang.reflect.Method.invoke(Method.java:568)
at org.testng.internal.MethodInvocationHelper.invokeMethod(MethodInvocationHelper.java:133)
at org.testng.internal.TestInvoker.invokeMethod(TestInvoker.java:598)
at org.testng.internal.TestInvoker.invokeTestMethod(TestInvoker.java:173)
at org.testng.internal.MethodRunner.runInSequence(MethodRunner.java:46)
at org.testng.internal.TestInvoker$MethodInvocationAgent.invoke(TestInvoker.java:824)
at org.testng.internal.TestInvoker.invokeTestMethods(TestInvoker.java:146)
at org.testng.internal.TestMethodWorker.invokeTestMethods(TestMethodWorker.java:146)
at org.testng.internal.TestMethodWorker.run(TestMethodWorker.java:128)
at java.base/java.util.ArrayList.forEach(ArrayList.java:1511)
at org.testng.TestRunner.privateRun(TestRunner.java:794)
at org.testng.TestRunner.run(TestRunner.java:596)
at org.testng.SuiteRunner.runTest(SuiteRunner.java:377)
at org.testng.SuiteRunner.runSequentially(SuiteRunner.java:371)
at org.testng.SuiteRunner.privateRun(SuiteRunner.java:332)
at org.testng.SuiteRunner.run(SuiteRunner.java:276)
at org.testng.SuiteRunnerWorker.runSuite(SuiteRunnerWorker.java:53)
at org.testng.SuiteRunnerWorker.run(SuiteRunnerWorker.java:96)
at org.testng.TestNG.runSuitesSequentially(TestNG.java:1212)
at org.testng.TestNG.runSuitesLocally(TestNG.java:1134)
at org.testng.TestNG.runSuites(TestNG.java:1063)
at org.testng.TestNG.run(TestNG.java:1031)
at org.testng.remote.AbstractRemoteTestNG.run(AbstractRemoteTestNG.java:115)
at org.testng.remote.RemoteTestNG.initAndRun(RemoteTestNG.java:251)
at org.testng.remote.RemoteTestNG.main(RemoteTestNG.java:77)
]]>
            </full-stacktrace>
          </exception> <!-- org.openqa.selenium.ElementNotInteractableException -->
          <reporter-output>
          </reporter-output>
        </test-method> <!-- ItemSelection2 -->
        <test-method is-config="true" signature="getResult(org.testng.ITestResult)[pri:0, instance:smokeflow.ItemMoreQOH@16150369]" started-at="2022-01-24T11:30:22 IST" name="getResult" finished-at="2022-01-24T11:30:22 IST" duration-ms="267" status="PASS">
          <params>
            <param index="0">
              <value>
                <![CDATA[[TestResult name=ItemSelection2 status=FAILURE method=ItemMoreQOH.ItemSelection2(java.lang.String,java.lang.String,java.lang.String,java.lang.String,java.lang.String)[pri:4, instance:smokeflow.ItemMoreQOH@16150369] output={null}]]]>
              </value>
            </param>
          </params>
          <reporter-output>
          </reporter-output>
        </test-method> <!-- getResult -->
        <test-method is-config="true" signature="driverclose()[pri:0, instance:smokeflow.ItemMoreQOH@16150369]" started-at="2022-01-24T11:30:22 IST" name="driverclose" finished-at="2022-01-24T11:30:25 IST" duration-ms="3470" status="PASS">
          <reporter-output>
          </reporter-output>
        </test-method> <!-- driverclose -->
      </class> <!-- smokeflow.ItemMoreQOH -->
    </test> <!-- Default test -->
  </suite> <!-- Default suite -->
</testng-results>
